<?xml version="1.0" encoding="UTF-8"?>
<!-- Generated by org.testng.reporters.JUnitXMLReporter -->
<testsuite hostname="MacBook-Pro" name="com.chenfeng.studentinfo" tests="6" failures="0" timestamp="30 Nov 2019 06:10:32 GMT" time="0.028" errors="0">
  <testcase name="" time="0.007" classname="com.chenfeng.studentinfo.StudentTest"/>
  <testcase name="" time="0.0" classname="com.chenfeng.studentinfo.CourseSessionTest"/>
  <testcase name="" time="0.0" classname="com.chenfeng.studentinfo.CourseSessionTest"/>
  <testcase name="" time="0.0" classname="com.chenfeng.studentinfo.CourseSessionTest"/>
  <testcase name="" time="0.001" classname="com.chenfeng.studentinfo.RosterReporterTest"/>
  <testcase name="" time="0.001" classname="com.chenfeng.studentinfo.DateUtilTest"/>
</testsuite> <!-- com.chenfeng.studentinfo -->
