<?xml version="1.0" encoding="UTF-8"?>
<!-- Generated by org.testng.reporters.JUnitXMLReporter -->
<testsuite hostname="DESKTOP-H2RVOK7" name="com.chenfeng.studentinfo" tests="6" failures="0" timestamp="26 Nov 2019 01:37:09 GMT" time="0.067" errors="0">
  <testcase name="" time="0.026" classname="com.chenfeng.studentinfo.StudentTest"/>
  <testcase name="" time="0.0" classname="com.chenfeng.studentinfo.CourseSessionTest"/>
  <testcase name="" time="0.001" classname="com.chenfeng.studentinfo.CourseSessionTest"/>
  <testcase name="" time="0.0" classname="com.chenfeng.studentinfo.CourseSessionTest"/>
  <testcase name="" time="0.001" classname="com.chenfeng.studentinfo.RosterReporterTest"/>
  <testcase name="" time="0.0" classname="com.chenfeng.studentinfo.DateUtilTest"/>
</testsuite> <!-- com.chenfeng.studentinfo -->
