<?xml version="1.0" encoding="UTF-8"?>
<testng-results skipped="0" failed="0" total="6" passed="6">
  <reporter-output>
  </reporter-output>
  <suite name="Suite" duration-ms="28" started-at="2019-11-30T06:10:32Z" finished-at="2019-11-30T06:10:32Z">
    <groups>
    </groups>
    <test name="com.chenfeng.studentinfo" duration-ms="28" started-at="2019-11-30T06:10:32Z" finished-at="2019-11-30T06:10:32Z">
      <class name="com.chenfeng.studentinfo.CourseSessionTest">
        <test-method status="PASS" signature="setUp()[pri:0, instance:com.chenfeng.studentinfo.CourseSessionTest@1cd072a9]" test-instance-name="" name="setUp" is-config="true" duration-ms="7" started-at="2019-11-30T14:10:32Z" finished-at="2019-11-30T14:10:32Z">
          <reporter-output>
          </reporter-output>
        </test-method> <!-- setUp -->
        <test-method status="PASS" signature="testCourseDates()[pri:0, instance:com.chenfeng.studentinfo.CourseSessionTest@1cd072a9]" test-instance-name="" name="testCourseDates" duration-ms="0" started-at="2019-11-30T14:10:32Z" finished-at="2019-11-30T14:10:32Z">
          <reporter-output>
          </reporter-output>
        </test-method> <!-- testCourseDates -->
        <test-method status="PASS" signature="testCreate()[pri:0, instance:com.chenfeng.studentinfo.CourseSessionTest@1cd072a9]" test-instance-name="" name="testCreate" duration-ms="0" started-at="2019-11-30T14:10:32Z" finished-at="2019-11-30T14:10:32Z">
          <reporter-output>
          </reporter-output>
        </test-method> <!-- testCreate -->
        <test-method status="PASS" signature="testEnrollStudents()[pri:0, instance:com.chenfeng.studentinfo.CourseSessionTest@1cd072a9]" test-instance-name="" name="testEnrollStudents" duration-ms="0" started-at="2019-11-30T14:10:32Z" finished-at="2019-11-30T14:10:32Z">
          <reporter-output>
          </reporter-output>
        </test-method> <!-- testEnrollStudents -->
      </class> <!-- com.chenfeng.studentinfo.CourseSessionTest -->
      <class name="com.chenfeng.studentinfo.RosterReporterTest">
        <test-method status="PASS" signature="testRosterReport()[pri:0, instance:com.chenfeng.studentinfo.RosterReporterTest@7c75222b]" test-instance-name="" name="testRosterReport" duration-ms="1" started-at="2019-11-30T14:10:32Z" finished-at="2019-11-30T14:10:32Z">
          <reporter-output>
          </reporter-output>
        </test-method> <!-- testRosterReport -->
      </class> <!-- com.chenfeng.studentinfo.RosterReporterTest -->
      <class name="com.chenfeng.studentinfo.StudentTest">
        <test-method status="PASS" signature="testCreate()[pri:0, instance:com.chenfeng.studentinfo.StudentTest@e580929]" test-instance-name="" name="testCreate" duration-ms="7" started-at="2019-11-30T14:10:32Z" finished-at="2019-11-30T14:10:32Z">
          <reporter-output>
          </reporter-output>
        </test-method> <!-- testCreate -->
      </class> <!-- com.chenfeng.studentinfo.StudentTest -->
      <class name="com.chenfeng.studentinfo.DateUtilTest">
        <test-method status="PASS" signature="testCreateDate()[pri:0, instance:com.chenfeng.studentinfo.DateUtilTest@4c203ea1]" test-instance-name="" name="testCreateDate" duration-ms="1" started-at="2019-11-30T14:10:32Z" finished-at="2019-11-30T14:10:32Z">
          <reporter-output>
          </reporter-output>
        </test-method> <!-- testCreateDate -->
      </class> <!-- com.chenfeng.studentinfo.DateUtilTest -->
    </test> <!-- com.chenfeng.studentinfo -->
  </suite> <!-- Suite -->
</testng-results>
