<?xml version="1.0" encoding="UTF-8"?>
<testsuite xmlns:xsi="http://www.w3.org/2001/XMLSchema-instance" xsi:noNamespaceSchemaLocation="https://maven.apache.org/surefire/maven-surefire-plugin/xsd/surefire-test-report.xsd" name="TestSuite" time="0.253" tests="6" errors="0" skipped="0" failures="0">
  <properties>
[...]
</properties>
  <testcase name="(com.chenfeng.studentinfo.StudentTest)" classname="com.chenfeng.studentinfo.StudentTest" time="0.006"/>
  <testcase name="(com.chenfeng.studentinfo.CourseSessionTest)" classname="com.chenfeng.studentinfo.CourseSessionTest" time="0"/>
  <testcase name="(com.chenfeng.studentinfo.CourseSessionTest)" classname="com.chenfeng.studentinfo.CourseSessionTest" time="0"/>
  <testcase name="(com.chenfeng.studentinfo.CourseSessionTest)" classname="com.chenfeng.studentinfo.CourseSessionTest" time="0"/>
  <testcase name="(com.chenfeng.studentinfo.RosterReporterTest)" classname="com.chenfeng.studentinfo.RosterReporterTest" time="0"/>
  <testcase name="(com.chenfeng.studentinfo.DateUtilTest)" classname="com.chenfeng.studentinfo.DateUtilTest" time="0"/>
</testsuite>